Assembler report for projetoMIPS
Sun Nov 27 16:23:49 2022
Quartus Prime Version 20.1.0 Build 711 06/05/2020 SJ Lite Edition


---------------------
; Table of Contents ;
---------------------
  1. Legal Notice
  2. Assembler Summary
  3. Assembler Settings
  4. Assembler Encrypted IP Cores Summary
  5. Assembler Generated Files
  6. Assembler Device Options: C:/DesComp/Aulas_pos_P1/Projeto-2/output_files/projetoMIPS.sof
  7. Assembler Messages



----------------
; Legal Notice ;
----------------
Copyright (C) 2020  Intel Corporation. All rights reserved.
Your use of Intel Corporation's design tools, logic functions 
and other software and tools, and any partner logic 
functions, and any output files from any of the foregoing 
(including device programming or simulation files), and any 
associated documentation or information are expressly subject 
to the terms and conditions of the Intel Program License 
Subscription Agreement, the Intel Quartus Prime License Agreement,
the Intel FPGA IP License Agreement, or other applicable license
agreement, including, without limitation, that your use is for
the sole purpose of programming logic devices manufactured by
Intel and sold by Intel or its authorized distributors.  Please
refer to the applicable agreement for further details, at
https://fpgasoftware.intel.com/eula.



+---------------------------------------------------------------+
; Assembler Summary                                             ;
+-----------------------+---------------------------------------+
; Assembler Status      ; Successful - Sun Nov 27 16:23:49 2022 ;
; Revision Name         ; projetoMIPS                           ;
; Top-level Entity Name ; projetoMIPS                           ;
; Family                ; Cyclone V                             ;
; Device                ; 5CEBA4F23C7                           ;
+-----------------------+---------------------------------------+


+----------------------------------+
; Assembler Settings               ;
+--------+---------+---------------+
; Option ; Setting ; Default Value ;
+--------+---------+---------------+


+------------------------------------------------+
; Assembler Encrypted IP Cores Summary           ;
+--------+------------------------+--------------+
; Vendor ; IP Core Name           ; License Type ;
+--------+------------------------+--------------+
; Altera ; Signal Tap (6AF7 BCE1) ; Licensed     ;
; Altera ; Signal Tap (6AF7 BCEC) ; Licensed     ;
+--------+------------------------+--------------+


+----------------------------------------------------------------+
; Assembler Generated Files                                      ;
+----------------------------------------------------------------+
; File Name                                                      ;
+----------------------------------------------------------------+
; C:/DesComp/Aulas_pos_P1/Projeto-2/output_files/projetoMIPS.sof ;
+----------------------------------------------------------------+


+------------------------------------------------------------------------------------------+
; Assembler Device Options: C:/DesComp/Aulas_pos_P1/Projeto-2/output_files/projetoMIPS.sof ;
+----------------+-------------------------------------------------------------------------+
; Option         ; Setting                                                                 ;
+----------------+-------------------------------------------------------------------------+
; JTAG usercode  ; 0x00966A91                                                              ;
; Checksum       ; 0x00966A91                                                              ;
+----------------+-------------------------------------------------------------------------+


+--------------------+
; Assembler Messages ;
+--------------------+
Info: *******************************************************************
Info: Running Quartus Prime Assembler
    Info: Version 20.1.0 Build 711 06/05/2020 SJ Lite Edition
    Info: Processing started: Sun Nov 27 16:23:39 2022
Info: Command: quartus_asm --read_settings_files=off --write_settings_files=off projetoMIPS -c projetoMIPS
Info (115030): Assembler is generating device programming files
Info: Quartus Prime Assembler was successful. 0 errors, 0 warnings
    Info: Peak virtual memory: 4855 megabytes
    Info: Processing ended: Sun Nov 27 16:23:49 2022
    Info: Elapsed time: 00:00:10
    Info: Total CPU time (on all processors): 00:00:08


