Analysis & Synthesis report for Aula9
Fri Oct 07 14:36:49 2022
Quartus Prime Version 20.1.0 Build 711 06/05/2020 SJ Lite Edition


---------------------
; Table of Contents ;
---------------------
  1. Legal Notice
  2. Analysis & Synthesis Summary
  3. Analysis & Synthesis Settings
  4. Parallel Compilation
  5. Analysis & Synthesis Source Files Read
  6. Analysis & Synthesis Resource Usage Summary
  7. Analysis & Synthesis Resource Utilization by Entity
  8. User-Specified and Inferred Latches
  9. Registers Removed During Synthesis
 10. General Register Statistics
 11. Multiplexer Restructuring Statistics (Restructuring Performed)
 12. Parameter Settings for User Entity Instance: Top-level Entity: |Aula9
 13. Parameter Settings for User Entity Instance: buffer_3_state_8portas:SW_0_7
 14. Parameter Settings for User Entity Instance: buffer_3_state_8portas:SW_8
 15. Parameter Settings for User Entity Instance: buffer_3_state_8portas:SW_9
 16. Parameter Settings for User Entity Instance: buffer_3_state_8portas:KEY_0
 17. Parameter Settings for User Entity Instance: buffer_3_state_8portas:KEY_1
 18. Parameter Settings for User Entity Instance: buffer_3_state_8portas:KEY_2
 19. Parameter Settings for User Entity Instance: buffer_3_state_8portas:KEY_3
 20. Parameter Settings for User Entity Instance: buffer_3_state_8portas:FPGA_RESET
 21. Parameter Settings for User Entity Instance: memoriaROM:ROM1
 22. Parameter Settings for User Entity Instance: processador:processador
 23. Parameter Settings for User Entity Instance: processador:processador|registradorGenerico:PC
 24. Parameter Settings for User Entity Instance: processador:processador|somaConstante:incrementaPC
 25. Parameter Settings for User Entity Instance: processador:processador|registradorGenerico:REG_RET
 26. Parameter Settings for User Entity Instance: processador:processador|muxGenerico4x1:MUX2
 27. Parameter Settings for User Entity Instance: processador:processador|muxGenerico2x1:MUX1
 28. Parameter Settings for User Entity Instance: processador:processador|ULASomaSub:ULA1
 29. Parameter Settings for User Entity Instance: processador:processador|registradorGenerico:REGA
 30. Parameter Settings for User Entity Instance: logica_LED:logica_LED|registradorGenerico:REG_LEDS
 31. Parameter Settings for User Entity Instance: logica_7Seg:logica_Seven_Seg|registradorGenerico:REG0
 32. Parameter Settings for User Entity Instance: logica_7Seg:logica_Seven_Seg|registradorGenerico:REG1
 33. Parameter Settings for User Entity Instance: logica_7Seg:logica_Seven_Seg|registradorGenerico:REG2
 34. Parameter Settings for User Entity Instance: logica_7Seg:logica_Seven_Seg|registradorGenerico:REG3
 35. Parameter Settings for User Entity Instance: logica_7Seg:logica_Seven_Seg|registradorGenerico:REG4
 36. Parameter Settings for User Entity Instance: logica_7Seg:logica_Seven_Seg|registradorGenerico:REG5
 37. Parameter Settings for User Entity Instance: memoriaRAM:RAM1
 38. Port Connectivity Checks: "logica_7Seg:logica_Seven_Seg|conversorHex7Seg:H5"
 39. Port Connectivity Checks: "logica_7Seg:logica_Seven_Seg|registradorGenerico:REG5"
 40. Port Connectivity Checks: "logica_7Seg:logica_Seven_Seg|conversorHex7Seg:H4"
 41. Port Connectivity Checks: "logica_7Seg:logica_Seven_Seg|registradorGenerico:REG4"
 42. Port Connectivity Checks: "logica_7Seg:logica_Seven_Seg|conversorHex7Seg:H3"
 43. Port Connectivity Checks: "logica_7Seg:logica_Seven_Seg|registradorGenerico:REG3"
 44. Port Connectivity Checks: "logica_7Seg:logica_Seven_Seg|conversorHex7Seg:H2"
 45. Port Connectivity Checks: "logica_7Seg:logica_Seven_Seg|registradorGenerico:REG2"
 46. Port Connectivity Checks: "logica_7Seg:logica_Seven_Seg|conversorHex7Seg:H1"
 47. Port Connectivity Checks: "logica_7Seg:logica_Seven_Seg|registradorGenerico:REG1"
 48. Port Connectivity Checks: "logica_7Seg:logica_Seven_Seg|conversorHex7Seg:H0"
 49. Port Connectivity Checks: "logica_7Seg:logica_Seven_Seg|registradorGenerico:REG0"
 50. Port Connectivity Checks: "logica_LED:logica_LED|registradorGenerico:REG_LEDS"
 51. Port Connectivity Checks: "logica_LED:logica_LED|flipflopGenerico:FlipFlop1"
 52. Port Connectivity Checks: "logica_LED:logica_LED|flipflopGenerico:FlipFlop2"
 53. Port Connectivity Checks: "decoder3x8:decoderBloco"
 54. Port Connectivity Checks: "processador:processador|flipflopGenerico:FLAG"
 55. Port Connectivity Checks: "processador:processador|registradorGenerico:REGA"
 56. Port Connectivity Checks: "processador:processador|muxGenerico4x1:MUX2"
 57. Port Connectivity Checks: "processador:processador|registradorGenerico:REG_RET"
 58. Port Connectivity Checks: "processador:processador|registradorGenerico:PC"
 59. Port Connectivity Checks: "buffer_3_state_8portas:FPGA_RESET"
 60. Port Connectivity Checks: "buffer_3_state_8portas:KEY_3"
 61. Port Connectivity Checks: "buffer_3_state_8portas:KEY_2"
 62. Port Connectivity Checks: "buffer_3_state_8portas:KEY_1"
 63. Port Connectivity Checks: "buffer_3_state_8portas:KEY_0"
 64. Port Connectivity Checks: "flipflopGenerico:FF_DEBOUNCER"
 65. Port Connectivity Checks: "buffer_3_state_8portas:SW_9"
 66. Port Connectivity Checks: "buffer_3_state_8portas:SW_8"
 67. Post-Synthesis Netlist Statistics for Top Partition
 68. Elapsed Time Per Partition
 69. Analysis & Synthesis Messages



----------------
; Legal Notice ;
----------------
Copyright (C) 2020  Intel Corporation. All rights reserved.
Your use of Intel Corporation's design tools, logic functions 
and other software and tools, and any partner logic 
functions, and any output files from any of the foregoing 
(including device programming or simulation files), and any 
associated documentation or information are expressly subject 
to the terms and conditions of the Intel Program License 
Subscription Agreement, the Intel Quartus Prime License Agreement,
the Intel FPGA IP License Agreement, or other applicable license
agreement, including, without limitation, that your use is for
the sole purpose of programming logic devices manufactured by
Intel and sold by Intel or its authorized distributors.  Please
refer to the applicable agreement for further details, at
https://fpgasoftware.intel.com/eula.



+-------------------------------------------------------------------------------+
; Analysis & Synthesis Summary                                                  ;
+---------------------------------+---------------------------------------------+
; Analysis & Synthesis Status     ; Successful - Fri Oct 07 14:36:49 2022       ;
; Quartus Prime Version           ; 20.1.0 Build 711 06/05/2020 SJ Lite Edition ;
; Revision Name                   ; Aula9                                       ;
; Top-level Entity Name           ; Aula9                                       ;
; Family                          ; Cyclone V                                   ;
; Logic utilization (in ALMs)     ; N/A                                         ;
; Total registers                 ; 51                                          ;
; Total pins                      ; 117                                         ;
; Total virtual pins              ; 0                                           ;
; Total block memory bits         ; 0                                           ;
; Total DSP Blocks                ; 0                                           ;
; Total HSSI RX PCSs              ; 0                                           ;
; Total HSSI PMA RX Deserializers ; 0                                           ;
; Total HSSI TX PCSs              ; 0                                           ;
; Total HSSI PMA TX Serializers   ; 0                                           ;
; Total PLLs                      ; 0                                           ;
; Total DLLs                      ; 0                                           ;
+---------------------------------+---------------------------------------------+


+---------------------------------------------------------------------------------------------------------------------------+
; Analysis & Synthesis Settings                                                                                             ;
+---------------------------------------------------------------------------------+--------------------+--------------------+
; Option                                                                          ; Setting            ; Default Value      ;
+---------------------------------------------------------------------------------+--------------------+--------------------+
; Device                                                                          ; 5CEBA4F23C7        ;                    ;
; Top-level entity name                                                           ; Aula9              ; Aula9              ;
; Family name                                                                     ; Cyclone V          ; Cyclone V          ;
; VHDL Show LMF Mapping Messages                                                  ; Off                ;                    ;
; VHDL Version                                                                    ; VHDL_2008          ; VHDL_1993          ;
; Use smart compilation                                                           ; Off                ; Off                ;
; Enable parallel Assembler and Timing Analyzer during compilation                ; On                 ; On                 ;
; Enable compact report table                                                     ; Off                ; Off                ;
; Restructure Multiplexers                                                        ; Auto               ; Auto               ;
; MLAB Add Timing Constraints For Mixed-Port Feed-Through Mode Setting Don't Care ; Off                ; Off                ;
; Create Debugging Nodes for IP Cores                                             ; Off                ; Off                ;
; Preserve fewer node names                                                       ; On                 ; On                 ;
; Intel FPGA IP Evaluation Mode                                                   ; Enable             ; Enable             ;
; Verilog Version                                                                 ; Verilog_2001       ; Verilog_2001       ;
; State Machine Processing                                                        ; Auto               ; Auto               ;
; Safe State Machine                                                              ; Off                ; Off                ;
; Extract Verilog State Machines                                                  ; On                 ; On                 ;
; Extract VHDL State Machines                                                     ; On                 ; On                 ;
; Ignore Verilog initial constructs                                               ; Off                ; Off                ;
; Iteration limit for constant Verilog loops                                      ; 5000               ; 5000               ;
; Iteration limit for non-constant Verilog loops                                  ; 250                ; 250                ;
; Add Pass-Through Logic to Inferred RAMs                                         ; On                 ; On                 ;
; Infer RAMs from Raw Logic                                                       ; On                 ; On                 ;
; Parallel Synthesis                                                              ; On                 ; On                 ;
; DSP Block Balancing                                                             ; Auto               ; Auto               ;
; NOT Gate Push-Back                                                              ; On                 ; On                 ;
; Power-Up Don't Care                                                             ; On                 ; On                 ;
; Remove Redundant Logic Cells                                                    ; Off                ; Off                ;
; Remove Duplicate Registers                                                      ; On                 ; On                 ;
; Ignore CARRY Buffers                                                            ; Off                ; Off                ;
; Ignore CASCADE Buffers                                                          ; Off                ; Off                ;
; Ignore GLOBAL Buffers                                                           ; Off                ; Off                ;
; Ignore ROW GLOBAL Buffers                                                       ; Off                ; Off                ;
; Ignore LCELL Buffers                                                            ; Off                ; Off                ;
; Ignore SOFT Buffers                                                             ; On                 ; On                 ;
; Limit AHDL Integers to 32 Bits                                                  ; Off                ; Off                ;
; Optimization Technique                                                          ; Balanced           ; Balanced           ;
; Carry Chain Length                                                              ; 70                 ; 70                 ;
; Auto Carry Chains                                                               ; On                 ; On                 ;
; Auto Open-Drain Pins                                                            ; On                 ; On                 ;
; Perform WYSIWYG Primitive Resynthesis                                           ; Off                ; Off                ;
; Auto ROM Replacement                                                            ; On                 ; On                 ;
; Auto RAM Replacement                                                            ; On                 ; On                 ;
; Auto DSP Block Replacement                                                      ; On                 ; On                 ;
; Auto Shift Register Replacement                                                 ; Auto               ; Auto               ;
; Allow Shift Register Merging across Hierarchies                                 ; Auto               ; Auto               ;
; Auto Clock Enable Replacement                                                   ; On                 ; On                 ;
; Strict RAM Replacement                                                          ; Off                ; Off                ;
; Allow Synchronous Control Signals                                               ; On                 ; On                 ;
; Force Use of Synchronous Clear Signals                                          ; Off                ; Off                ;
; Auto Resource Sharing                                                           ; Off                ; Off                ;
; Allow Any RAM Size For Recognition                                              ; Off                ; Off                ;
; Allow Any ROM Size For Recognition                                              ; Off                ; Off                ;
; Allow Any Shift Register Size For Recognition                                   ; Off                ; Off                ;
; Use LogicLock Constraints during Resource Balancing                             ; On                 ; On                 ;
; Ignore translate_off and synthesis_off directives                               ; Off                ; Off                ;
; Timing-Driven Synthesis                                                         ; On                 ; On                 ;
; Report Parameter Settings                                                       ; On                 ; On                 ;
; Report Source Assignments                                                       ; On                 ; On                 ;
; Report Connectivity Checks                                                      ; On                 ; On                 ;
; Ignore Maximum Fan-Out Assignments                                              ; Off                ; Off                ;
; Synchronization Register Chain Length                                           ; 3                  ; 3                  ;
; Power Optimization During Synthesis                                             ; Normal compilation ; Normal compilation ;
; HDL message level                                                               ; Level2             ; Level2             ;
; Suppress Register Optimization Related Messages                                 ; Off                ; Off                ;
; Number of Removed Registers Reported in Synthesis Report                        ; 5000               ; 5000               ;
; Number of Swept Nodes Reported in Synthesis Report                              ; 5000               ; 5000               ;
; Number of Inverted Registers Reported in Synthesis Report                       ; 100                ; 100                ;
; Clock MUX Protection                                                            ; On                 ; On                 ;
; Auto Gated Clock Conversion                                                     ; Off                ; Off                ;
; Block Design Naming                                                             ; Auto               ; Auto               ;
; SDC constraint protection                                                       ; Off                ; Off                ;
; Synthesis Effort                                                                ; Auto               ; Auto               ;
; Shift Register Replacement - Allow Asynchronous Clear Signal                    ; On                 ; On                 ;
; Pre-Mapping Resynthesis Optimization                                            ; Off                ; Off                ;
; Analysis & Synthesis Message Level                                              ; Medium             ; Medium             ;
; Disable Register Merging Across Hierarchies                                     ; Auto               ; Auto               ;
; Resource Aware Inference For Block RAM                                          ; On                 ; On                 ;
; Automatic Parallel Synthesis                                                    ; On                 ; On                 ;
; Partial Reconfiguration Bitstream ID                                            ; Off                ; Off                ;
+---------------------------------------------------------------------------------+--------------------+--------------------+


+------------------------------------------+
; Parallel Compilation                     ;
+----------------------------+-------------+
; Processors                 ; Number      ;
+----------------------------+-------------+
; Number detected on machine ; 8           ;
; Maximum allowed            ; 4           ;
;                            ;             ;
; Average used               ; 1.00        ;
; Maximum used               ; 4           ;
;                            ;             ;
; Usage by Processor         ; % Time Used ;
;     Processor 1            ; 100.0%      ;
;     Processors 2-4         ;   0.0%      ;
+----------------------------+-------------+


+------------------------------------------------------------------------------------------------------------------------------+
; Analysis & Synthesis Source Files Read                                                                                       ;
+----------------------------------+-----------------+-----------------+---------------------------------------------+---------+
; File Name with User-Entered Path ; Used in Netlist ; File Type       ; File Name with Absolute Path                ; Library ;
+----------------------------------+-----------------+-----------------+---------------------------------------------+---------+
; ULASomaSub.vhd                   ; yes             ; User VHDL File  ; C:/DesComp/Aula9/ULASomaSub.vhd             ;         ;
; somaConstante.vhd                ; yes             ; User VHDL File  ; C:/DesComp/Aula9/somaConstante.vhd          ;         ;
; registradorGenerico.vhd          ; yes             ; User VHDL File  ; C:/DesComp/Aula9/registradorGenerico.vhd    ;         ;
; processador.vhd                  ; yes             ; User VHDL File  ; C:/DesComp/Aula9/processador.vhd            ;         ;
; muxGenerico4x1.vhd               ; yes             ; User VHDL File  ; C:/DesComp/Aula9/muxGenerico4x1.vhd         ;         ;
; muxGenerico2x1.vhd               ; yes             ; User VHDL File  ; C:/DesComp/Aula9/muxGenerico2x1.vhd         ;         ;
; memoriaROM.vhd                   ; yes             ; User VHDL File  ; C:/DesComp/Aula9/memoriaROM.vhd             ;         ;
; memoriaRAM.vhd                   ; yes             ; User VHDL File  ; C:/DesComp/Aula9/memoriaRAM.vhd             ;         ;
; logica_LED.vhd                   ; yes             ; User VHDL File  ; C:/DesComp/Aula9/logica_LED.vhd             ;         ;
; logica_desvio.vhd                ; yes             ; User VHDL File  ; C:/DesComp/Aula9/logica_desvio.vhd          ;         ;
; logica_7Seg.vhd                  ; yes             ; User VHDL File  ; C:/DesComp/Aula9/logica_7Seg.vhd            ;         ;
; flipflopGenerico.vhd             ; yes             ; User VHDL File  ; C:/DesComp/Aula9/flipflopGenerico.vhd       ;         ;
; decoderInstru.vhd                ; yes             ; User VHDL File  ; C:/DesComp/Aula9/decoderInstru.vhd          ;         ;
; decoder3x8.vhd                   ; yes             ; User VHDL File  ; C:/DesComp/Aula9/decoder3x8.vhd             ;         ;
; conversorHex7Seg.vhd             ; yes             ; User VHDL File  ; C:/DesComp/Aula9/conversorHex7Seg.vhd       ;         ;
; buffer_3_state_8portas.vhd       ; yes             ; User VHDL File  ; C:/DesComp/Aula9/buffer_3_state_8portas.vhd ;         ;
; Aula9.vhd                        ; yes             ; User VHDL File  ; C:/DesComp/Aula9/Aula9.vhd                  ;         ;
+----------------------------------+-----------------+-----------------+---------------------------------------------+---------+


+------------------------------------------------------------+
; Analysis & Synthesis Resource Usage Summary                ;
+---------------------------------------------+--------------+
; Resource                                    ; Usage        ;
+---------------------------------------------+--------------+
; Estimate of Logic utilization (ALMs needed) ; 71           ;
;                                             ;              ;
; Combinational ALUT usage for logic          ; 113          ;
;     -- 7 input functions                    ; 0            ;
;     -- 6 input functions                    ; 14           ;
;     -- 5 input functions                    ; 5            ;
;     -- 4 input functions                    ; 57           ;
;     -- <=3 input functions                  ; 37           ;
;                                             ;              ;
; Dedicated logic registers                   ; 51           ;
;                                             ;              ;
; I/O pins                                    ; 117          ;
;                                             ;              ;
; Total DSP Blocks                            ; 0            ;
;                                             ;              ;
; Maximum fan-out node                        ; KEY[0]~input ;
; Maximum fan-out                             ; 51           ;
; Total fan-out                               ; 800          ;
; Average fan-out                             ; 2.01         ;
+---------------------------------------------+--------------+


+--------------------------------------------------------------------------------------------------------------------------------------------------------------------------------------------------------------------------------------------------------+
; Analysis & Synthesis Resource Utilization by Entity                                                                                                                                                                                                    ;
+----------------------------------------+---------------------+---------------------------+-------------------+------------+------+--------------+--------------------------------------------------------------+------------------------+--------------+
; Compilation Hierarchy Node             ; Combinational ALUTs ; Dedicated Logic Registers ; Block Memory Bits ; DSP Blocks ; Pins ; Virtual Pins ; Full Hierarchy Name                                          ; Entity Name            ; Library Name ;
+----------------------------------------+---------------------+---------------------------+-------------------+------------+------+--------------+--------------------------------------------------------------+------------------------+--------------+
; |Aula9                                 ; 113 (3)             ; 51 (0)                    ; 0                 ; 0          ; 117  ; 0            ; |Aula9                                                       ; Aula9                  ; work         ;
;    |buffer_3_state_8portas:FPGA_RESET| ; 1 (1)               ; 0 (0)                     ; 0                 ; 0          ; 0    ; 0            ; |Aula9|buffer_3_state_8portas:FPGA_RESET                     ; buffer_3_state_8portas ; work         ;
;    |buffer_3_state_8portas:SW_8|       ; 7 (7)               ; 0 (0)                     ; 0                 ; 0          ; 0    ; 0            ; |Aula9|buffer_3_state_8portas:SW_8                           ; buffer_3_state_8portas ; work         ;
;    |decoder3x8:decoderBloco|           ; 1 (1)               ; 0 (0)                     ; 0                 ; 0          ; 0    ; 0            ; |Aula9|decoder3x8:decoderBloco                               ; decoder3x8             ; work         ;
;    |logica_7Seg:logica_Seven_Seg|      ; 50 (8)              ; 24 (0)                    ; 0                 ; 0          ; 0    ; 0            ; |Aula9|logica_7Seg:logica_Seven_Seg                          ; logica_7Seg            ; work         ;
;       |conversorHex7Seg:H0|            ; 7 (7)               ; 0 (0)                     ; 0                 ; 0          ; 0    ; 0            ; |Aula9|logica_7Seg:logica_Seven_Seg|conversorHex7Seg:H0      ; conversorHex7Seg       ; work         ;
;       |conversorHex7Seg:H1|            ; 7 (7)               ; 0 (0)                     ; 0                 ; 0          ; 0    ; 0            ; |Aula9|logica_7Seg:logica_Seven_Seg|conversorHex7Seg:H1      ; conversorHex7Seg       ; work         ;
;       |conversorHex7Seg:H2|            ; 7 (7)               ; 0 (0)                     ; 0                 ; 0          ; 0    ; 0            ; |Aula9|logica_7Seg:logica_Seven_Seg|conversorHex7Seg:H2      ; conversorHex7Seg       ; work         ;
;       |conversorHex7Seg:H3|            ; 7 (7)               ; 0 (0)                     ; 0                 ; 0          ; 0    ; 0            ; |Aula9|logica_7Seg:logica_Seven_Seg|conversorHex7Seg:H3      ; conversorHex7Seg       ; work         ;
;       |conversorHex7Seg:H4|            ; 7 (7)               ; 0 (0)                     ; 0                 ; 0          ; 0    ; 0            ; |Aula9|logica_7Seg:logica_Seven_Seg|conversorHex7Seg:H4      ; conversorHex7Seg       ; work         ;
;       |conversorHex7Seg:H5|            ; 7 (7)               ; 0 (0)                     ; 0                 ; 0          ; 0    ; 0            ; |Aula9|logica_7Seg:logica_Seven_Seg|conversorHex7Seg:H5      ; conversorHex7Seg       ; work         ;
;       |registradorGenerico:REG0|       ; 0 (0)               ; 4 (4)                     ; 0                 ; 0          ; 0    ; 0            ; |Aula9|logica_7Seg:logica_Seven_Seg|registradorGenerico:REG0 ; registradorGenerico    ; work         ;
;       |registradorGenerico:REG1|       ; 0 (0)               ; 4 (4)                     ; 0                 ; 0          ; 0    ; 0            ; |Aula9|logica_7Seg:logica_Seven_Seg|registradorGenerico:REG1 ; registradorGenerico    ; work         ;
;       |registradorGenerico:REG2|       ; 0 (0)               ; 4 (4)                     ; 0                 ; 0          ; 0    ; 0            ; |Aula9|logica_7Seg:logica_Seven_Seg|registradorGenerico:REG2 ; registradorGenerico    ; work         ;
;       |registradorGenerico:REG3|       ; 0 (0)               ; 4 (4)                     ; 0                 ; 0          ; 0    ; 0            ; |Aula9|logica_7Seg:logica_Seven_Seg|registradorGenerico:REG3 ; registradorGenerico    ; work         ;
;       |registradorGenerico:REG4|       ; 0 (0)               ; 4 (4)                     ; 0                 ; 0          ; 0    ; 0            ; |Aula9|logica_7Seg:logica_Seven_Seg|registradorGenerico:REG4 ; registradorGenerico    ; work         ;
;       |registradorGenerico:REG5|       ; 0 (0)               ; 4 (4)                     ; 0                 ; 0          ; 0    ; 0            ; |Aula9|logica_7Seg:logica_Seven_Seg|registradorGenerico:REG5 ; registradorGenerico    ; work         ;
;    |logica_LED:logica_LED|             ; 3 (1)               ; 10 (0)                    ; 0                 ; 0          ; 0    ; 0            ; |Aula9|logica_LED:logica_LED                                 ; logica_LED             ; work         ;
;       |flipflopGenerico:FlipFlop1|     ; 1 (1)               ; 1 (1)                     ; 0                 ; 0          ; 0    ; 0            ; |Aula9|logica_LED:logica_LED|flipflopGenerico:FlipFlop1      ; flipflopGenerico       ; work         ;
;       |flipflopGenerico:FlipFlop2|     ; 1 (1)               ; 1 (1)                     ; 0                 ; 0          ; 0    ; 0            ; |Aula9|logica_LED:logica_LED|flipflopGenerico:FlipFlop2      ; flipflopGenerico       ; work         ;
;       |registradorGenerico:REG_LEDS|   ; 0 (0)               ; 8 (8)                     ; 0                 ; 0          ; 0    ; 0            ; |Aula9|logica_LED:logica_LED|registradorGenerico:REG_LEDS    ; registradorGenerico    ; work         ;
;    |memoriaRAM:RAM1|                   ; 6 (6)               ; 0 (0)                     ; 0                 ; 0          ; 0    ; 0            ; |Aula9|memoriaRAM:RAM1                                       ; memoriaRAM             ; work         ;
;    |memoriaROM:ROM1|                   ; 12 (12)             ; 0 (0)                     ; 0                 ; 0          ; 0    ; 0            ; |Aula9|memoriaROM:ROM1                                       ; memoriaROM             ; work         ;
;    |processador:processador|           ; 30 (0)              ; 17 (0)                    ; 0                 ; 0          ; 0    ; 0            ; |Aula9|processador:processador                               ; processador            ; work         ;
;       |ULASomaSub:ULA1|                ; 17 (17)             ; 0 (0)                     ; 0                 ; 0          ; 0    ; 0            ; |Aula9|processador:processador|ULASomaSub:ULA1               ; ULASomaSub             ; work         ;
;       |decoderInstru:decoderInstru1|   ; 3 (3)               ; 0 (0)                     ; 0                 ; 0          ; 0    ; 0            ; |Aula9|processador:processador|decoderInstru:decoderInstru1  ; decoderInstru          ; work         ;
;       |logica_desvio:LOG_DESVIO|       ; 1 (1)               ; 0 (0)                     ; 0                 ; 0          ; 0    ; 0            ; |Aula9|processador:processador|logica_desvio:LOG_DESVIO      ; logica_desvio          ; work         ;
;       |registradorGenerico:PC|         ; 0 (0)               ; 9 (9)                     ; 0                 ; 0          ; 0    ; 0            ; |Aula9|processador:processador|registradorGenerico:PC        ; registradorGenerico    ; work         ;
;       |registradorGenerico:REGA|       ; 0 (0)               ; 8 (8)                     ; 0                 ; 0          ; 0    ; 0            ; |Aula9|processador:processador|registradorGenerico:REGA      ; registradorGenerico    ; work         ;
;       |somaConstante:incrementaPC|     ; 9 (9)               ; 0 (0)                     ; 0                 ; 0          ; 0    ; 0            ; |Aula9|processador:processador|somaConstante:incrementaPC    ; somaConstante          ; work         ;
+----------------------------------------+---------------------+---------------------------+-------------------+------------+------+--------------+--------------------------------------------------------------+------------------------+--------------+
Note: For table entries with two numbers listed, the numbers in parentheses indicate the number of resources of the given type used by the specific entity alone. The numbers listed outside of parentheses indicate the total resources of the given type used by the specific entity and all of its sub-entities in the hierarchy.


+-------------------------------------------------------------------------------------------------------------+
; User-Specified and Inferred Latches                                                                         ;
+--------------------------------------------------------------+---------------------+------------------------+
; Latch Name                                                   ; Latch Enable Signal ; Free of Timing Hazards ;
+--------------------------------------------------------------+---------------------+------------------------+
; processador:processador|logica_desvio:LOG_DESVIO|SelMuxPC[0] ; GND                 ; yes                    ;
; Number of user-specified and inferred latches = 1            ;                     ;                        ;
+--------------------------------------------------------------+---------------------+------------------------+
Note: All latches listed above may not be present at the end of synthesis due to various synthesis optimizations.


+--------------------------------------------------------------------------------------------------------------+
; Registers Removed During Synthesis                                                                           ;
+----------------------------------------------------------------+---------------------------------------------+
; Register name                                                  ; Reason for Removal                          ;
+----------------------------------------------------------------+---------------------------------------------+
; processador:processador|flipflopGenerico:FLAG|DOUT             ; Stuck at GND due to stuck port clock_enable ;
; flipflopGenerico:FF_DEBOUNCER|DOUT                             ; Stuck at VCC due to stuck port data_in      ;
; processador:processador|registradorGenerico:REG_RET|DOUT[0..8] ; Stuck at GND due to stuck port clock_enable ;
; Total Number of Removed Registers = 11                         ;                                             ;
+----------------------------------------------------------------+---------------------------------------------+


+------------------------------------------------------+
; General Register Statistics                          ;
+----------------------------------------------+-------+
; Statistic                                    ; Value ;
+----------------------------------------------+-------+
; Total registers                              ; 51    ;
; Number of registers using Synchronous Clear  ; 0     ;
; Number of registers using Synchronous Load   ; 9     ;
; Number of registers using Asynchronous Clear ; 0     ;
; Number of registers using Asynchronous Load  ; 0     ;
; Number of registers using Clock Enable       ; 40    ;
; Number of registers using Preset             ; 0     ;
+----------------------------------------------+-------+


+-------------------------------------------------------------------------------------------------------------------------------------------------------------------------------+
; Multiplexer Restructuring Statistics (Restructuring Performed)                                                                                                                ;
+--------------------+-----------+---------------+----------------------+------------------------+------------+-----------------------------------------------------------------+
; Multiplexer Inputs ; Bus Width ; Baseline Area ; Area if Restructured ; Saving if Restructured ; Registered ; Example Multiplexer Output                                      ;
+--------------------+-----------+---------------+----------------------+------------------------+------------+-----------------------------------------------------------------+
; 3:1                ; 6 bits    ; 12 LEs        ; 12 LEs               ; 0 LEs                  ; Yes        ; |Aula9|processador:processador|registradorGenerico:PC|DOUT[1]   ;
; 3:1                ; 8 bits    ; 16 LEs        ; 16 LEs               ; 0 LEs                  ; Yes        ; |Aula9|processador:processador|registradorGenerico:REGA|DOUT[0] ;
+--------------------+-----------+---------------+----------------------+------------------------+------------+-----------------------------------------------------------------+


+-----------------------------------------------------------------------+
; Parameter Settings for User Entity Instance: Top-level Entity: |Aula9 ;
+------------------+-------+--------------------------------------------+
; Parameter Name   ; Value ; Type                                       ;
+------------------+-------+--------------------------------------------+
; larguraDados     ; 8     ; Signed Integer                             ;
; larguraEnderecos ; 8     ; Signed Integer                             ;
; simulacao        ; true  ; Enumerated                                 ;
+------------------+-------+--------------------------------------------+
Note: In order to hide this table in the UI and the text report file, please set the "Show Parameter Settings in Synthesis Report" option in "Analysis and Synthesis Settings -> More Settings" to "Off".


+----------------------------------------------------------------------------+
; Parameter Settings for User Entity Instance: buffer_3_state_8portas:SW_0_7 ;
+----------------+-------+---------------------------------------------------+
; Parameter Name ; Value ; Type                                              ;
+----------------+-------+---------------------------------------------------+
; datawidth      ; 8     ; Signed Integer                                    ;
+----------------+-------+---------------------------------------------------+
Note: In order to hide this table in the UI and the text report file, please set the "Show Parameter Settings in Synthesis Report" option in "Analysis and Synthesis Settings -> More Settings" to "Off".


+--------------------------------------------------------------------------+
; Parameter Settings for User Entity Instance: buffer_3_state_8portas:SW_8 ;
+----------------+-------+-------------------------------------------------+
; Parameter Name ; Value ; Type                                            ;
+----------------+-------+-------------------------------------------------+
; datawidth      ; 8     ; Signed Integer                                  ;
+----------------+-------+-------------------------------------------------+
Note: In order to hide this table in the UI and the text report file, please set the "Show Parameter Settings in Synthesis Report" option in "Analysis and Synthesis Settings -> More Settings" to "Off".


+--------------------------------------------------------------------------+
; Parameter Settings for User Entity Instance: buffer_3_state_8portas:SW_9 ;
+----------------+-------+-------------------------------------------------+
; Parameter Name ; Value ; Type                                            ;
+----------------+-------+-------------------------------------------------+
; datawidth      ; 8     ; Signed Integer                                  ;
+----------------+-------+-------------------------------------------------+
Note: In order to hide this table in the UI and the text report file, please set the "Show Parameter Settings in Synthesis Report" option in "Analysis and Synthesis Settings -> More Settings" to "Off".


+---------------------------------------------------------------------------+
; Parameter Settings for User Entity Instance: buffer_3_state_8portas:KEY_0 ;
+----------------+-------+--------------------------------------------------+
; Parameter Name ; Value ; Type                                             ;
+----------------+-------+--------------------------------------------------+
; datawidth      ; 8     ; Signed Integer                                   ;
+----------------+-------+--------------------------------------------------+
Note: In order to hide this table in the UI and the text report file, please set the "Show Parameter Settings in Synthesis Report" option in "Analysis and Synthesis Settings -> More Settings" to "Off".


+---------------------------------------------------------------------------+
; Parameter Settings for User Entity Instance: buffer_3_state_8portas:KEY_1 ;
+----------------+-------+--------------------------------------------------+
; Parameter Name ; Value ; Type                                             ;
+----------------+-------+--------------------------------------------------+
; datawidth      ; 8     ; Signed Integer                                   ;
+----------------+-------+--------------------------------------------------+
Note: In order to hide this table in the UI and the text report file, please set the "Show Parameter Settings in Synthesis Report" option in "Analysis and Synthesis Settings -> More Settings" to "Off".


+---------------------------------------------------------------------------+
; Parameter Settings for User Entity Instance: buffer_3_state_8portas:KEY_2 ;
+----------------+-------+--------------------------------------------------+
; Parameter Name ; Value ; Type                                             ;
+----------------+-------+--------------------------------------------------+
; datawidth      ; 8     ; Signed Integer                                   ;
+----------------+-------+--------------------------------------------------+
Note: In order to hide this table in the UI and the text report file, please set the "Show Parameter Settings in Synthesis Report" option in "Analysis and Synthesis Settings -> More Settings" to "Off".


+---------------------------------------------------------------------------+
; Parameter Settings for User Entity Instance: buffer_3_state_8portas:KEY_3 ;
+----------------+-------+--------------------------------------------------+
; Parameter Name ; Value ; Type                                             ;
+----------------+-------+--------------------------------------------------+
; datawidth      ; 8     ; Signed Integer                                   ;
+----------------+-------+--------------------------------------------------+
Note: In order to hide this table in the UI and the text report file, please set the "Show Parameter Settings in Synthesis Report" option in "Analysis and Synthesis Settings -> More Settings" to "Off".


+--------------------------------------------------------------------------------+
; Parameter Settings for User Entity Instance: buffer_3_state_8portas:FPGA_RESET ;
+----------------+-------+-------------------------------------------------------+
; Parameter Name ; Value ; Type                                                  ;
+----------------+-------+-------------------------------------------------------+
; datawidth      ; 8     ; Signed Integer                                        ;
+----------------+-------+-------------------------------------------------------+
Note: In order to hide this table in the UI and the text report file, please set the "Show Parameter Settings in Synthesis Report" option in "Analysis and Synthesis Settings -> More Settings" to "Off".


+--------------------------------------------------------------+
; Parameter Settings for User Entity Instance: memoriaROM:ROM1 ;
+----------------+-------+-------------------------------------+
; Parameter Name ; Value ; Type                                ;
+----------------+-------+-------------------------------------+
; datawidth      ; 13    ; Signed Integer                      ;
; addrwidth      ; 9     ; Signed Integer                      ;
+----------------+-------+-------------------------------------+
Note: In order to hide this table in the UI and the text report file, please set the "Show Parameter Settings in Synthesis Report" option in "Analysis and Synthesis Settings -> More Settings" to "Off".


+----------------------------------------------------------------------+
; Parameter Settings for User Entity Instance: processador:processador ;
+------------------+-------+-------------------------------------------+
; Parameter Name   ; Value ; Type                                      ;
+------------------+-------+-------------------------------------------+
; larguradados     ; 8     ; Signed Integer                            ;
; larguraenderecos ; 8     ; Signed Integer                            ;
; simulacao        ; true  ; Enumerated                                ;
+------------------+-------+-------------------------------------------+
Note: In order to hide this table in the UI and the text report file, please set the "Show Parameter Settings in Synthesis Report" option in "Analysis and Synthesis Settings -> More Settings" to "Off".


+---------------------------------------------------------------------------------------------+
; Parameter Settings for User Entity Instance: processador:processador|registradorGenerico:PC ;
+----------------+-------+--------------------------------------------------------------------+
; Parameter Name ; Value ; Type                                                               ;
+----------------+-------+--------------------------------------------------------------------+
; larguradados   ; 9     ; Signed Integer                                                     ;
+----------------+-------+--------------------------------------------------------------------+
Note: In order to hide this table in the UI and the text report file, please set the "Show Parameter Settings in Synthesis Report" option in "Analysis and Synthesis Settings -> More Settings" to "Off".


+-------------------------------------------------------------------------------------------------+
; Parameter Settings for User Entity Instance: processador:processador|somaConstante:incrementaPC ;
+----------------+-------+------------------------------------------------------------------------+
; Parameter Name ; Value ; Type                                                                   ;
+----------------+-------+------------------------------------------------------------------------+
; larguradados   ; 9     ; Signed Integer                                                         ;
; constante      ; 1     ; Signed Integer                                                         ;
+----------------+-------+------------------------------------------------------------------------+
Note: In order to hide this table in the UI and the text report file, please set the "Show Parameter Settings in Synthesis Report" option in "Analysis and Synthesis Settings -> More Settings" to "Off".


+--------------------------------------------------------------------------------------------------+
; Parameter Settings for User Entity Instance: processador:processador|registradorGenerico:REG_RET ;
+----------------+-------+-------------------------------------------------------------------------+
; Parameter Name ; Value ; Type                                                                    ;
+----------------+-------+-------------------------------------------------------------------------+
; larguradados   ; 9     ; Signed Integer                                                          ;
+----------------+-------+-------------------------------------------------------------------------+
Note: In order to hide this table in the UI and the text report file, please set the "Show Parameter Settings in Synthesis Report" option in "Analysis and Synthesis Settings -> More Settings" to "Off".


+------------------------------------------------------------------------------------------+
; Parameter Settings for User Entity Instance: processador:processador|muxGenerico4x1:MUX2 ;
+----------------+-------+-----------------------------------------------------------------+
; Parameter Name ; Value ; Type                                                            ;
+----------------+-------+-----------------------------------------------------------------+
; larguradados   ; 9     ; Signed Integer                                                  ;
+----------------+-------+-----------------------------------------------------------------+
Note: In order to hide this table in the UI and the text report file, please set the "Show Parameter Settings in Synthesis Report" option in "Analysis and Synthesis Settings -> More Settings" to "Off".


+------------------------------------------------------------------------------------------+
; Parameter Settings for User Entity Instance: processador:processador|muxGenerico2x1:MUX1 ;
+----------------+-------+-----------------------------------------------------------------+
; Parameter Name ; Value ; Type                                                            ;
+----------------+-------+-----------------------------------------------------------------+
; larguradados   ; 8     ; Signed Integer                                                  ;
+----------------+-------+-----------------------------------------------------------------+
Note: In order to hide this table in the UI and the text report file, please set the "Show Parameter Settings in Synthesis Report" option in "Analysis and Synthesis Settings -> More Settings" to "Off".


+--------------------------------------------------------------------------------------+
; Parameter Settings for User Entity Instance: processador:processador|ULASomaSub:ULA1 ;
+----------------+-------+-------------------------------------------------------------+
; Parameter Name ; Value ; Type                                                        ;
+----------------+-------+-------------------------------------------------------------+
; larguradados   ; 8     ; Signed Integer                                              ;
+----------------+-------+-------------------------------------------------------------+
Note: In order to hide this table in the UI and the text report file, please set the "Show Parameter Settings in Synthesis Report" option in "Analysis and Synthesis Settings -> More Settings" to "Off".


+-----------------------------------------------------------------------------------------------+
; Parameter Settings for User Entity Instance: processador:processador|registradorGenerico:REGA ;
+----------------+-------+----------------------------------------------------------------------+
; Parameter Name ; Value ; Type                                                                 ;
+----------------+-------+----------------------------------------------------------------------+
; larguradados   ; 8     ; Signed Integer                                                       ;
+----------------+-------+----------------------------------------------------------------------+
Note: In order to hide this table in the UI and the text report file, please set the "Show Parameter Settings in Synthesis Report" option in "Analysis and Synthesis Settings -> More Settings" to "Off".


+-------------------------------------------------------------------------------------------------+
; Parameter Settings for User Entity Instance: logica_LED:logica_LED|registradorGenerico:REG_LEDS ;
+----------------+-------+------------------------------------------------------------------------+
; Parameter Name ; Value ; Type                                                                   ;
+----------------+-------+------------------------------------------------------------------------+
; larguradados   ; 8     ; Signed Integer                                                         ;
+----------------+-------+------------------------------------------------------------------------+
Note: In order to hide this table in the UI and the text report file, please set the "Show Parameter Settings in Synthesis Report" option in "Analysis and Synthesis Settings -> More Settings" to "Off".


+----------------------------------------------------------------------------------------------------+
; Parameter Settings for User Entity Instance: logica_7Seg:logica_Seven_Seg|registradorGenerico:REG0 ;
+----------------+-------+---------------------------------------------------------------------------+
; Parameter Name ; Value ; Type                                                                      ;
+----------------+-------+---------------------------------------------------------------------------+
; larguradados   ; 4     ; Signed Integer                                                            ;
+----------------+-------+---------------------------------------------------------------------------+
Note: In order to hide this table in the UI and the text report file, please set the "Show Parameter Settings in Synthesis Report" option in "Analysis and Synthesis Settings -> More Settings" to "Off".


+----------------------------------------------------------------------------------------------------+
; Parameter Settings for User Entity Instance: logica_7Seg:logica_Seven_Seg|registradorGenerico:REG1 ;
+----------------+-------+---------------------------------------------------------------------------+
; Parameter Name ; Value ; Type                                                                      ;
+----------------+-------+---------------------------------------------------------------------------+
; larguradados   ; 4     ; Signed Integer                                                            ;
+----------------+-------+---------------------------------------------------------------------------+
Note: In order to hide this table in the UI and the text report file, please set the "Show Parameter Settings in Synthesis Report" option in "Analysis and Synthesis Settings -> More Settings" to "Off".


+----------------------------------------------------------------------------------------------------+
; Parameter Settings for User Entity Instance: logica_7Seg:logica_Seven_Seg|registradorGenerico:REG2 ;
+----------------+-------+---------------------------------------------------------------------------+
; Parameter Name ; Value ; Type                                                                      ;
+----------------+-------+---------------------------------------------------------------------------+
; larguradados   ; 4     ; Signed Integer                                                            ;
+----------------+-------+---------------------------------------------------------------------------+
Note: In order to hide this table in the UI and the text report file, please set the "Show Parameter Settings in Synthesis Report" option in "Analysis and Synthesis Settings -> More Settings" to "Off".


+----------------------------------------------------------------------------------------------------+
; Parameter Settings for User Entity Instance: logica_7Seg:logica_Seven_Seg|registradorGenerico:REG3 ;
+----------------+-------+---------------------------------------------------------------------------+
; Parameter Name ; Value ; Type                                                                      ;
+----------------+-------+---------------------------------------------------------------------------+
; larguradados   ; 4     ; Signed Integer                                                            ;
+----------------+-------+---------------------------------------------------------------------------+
Note: In order to hide this table in the UI and the text report file, please set the "Show Parameter Settings in Synthesis Report" option in "Analysis and Synthesis Settings -> More Settings" to "Off".


+----------------------------------------------------------------------------------------------------+
; Parameter Settings for User Entity Instance: logica_7Seg:logica_Seven_Seg|registradorGenerico:REG4 ;
+----------------+-------+---------------------------------------------------------------------------+
; Parameter Name ; Value ; Type                                                                      ;
+----------------+-------+---------------------------------------------------------------------------+
; larguradados   ; 4     ; Signed Integer                                                            ;
+----------------+-------+---------------------------------------------------------------------------+
Note: In order to hide this table in the UI and the text report file, please set the "Show Parameter Settings in Synthesis Report" option in "Analysis and Synthesis Settings -> More Settings" to "Off".


+----------------------------------------------------------------------------------------------------+
; Parameter Settings for User Entity Instance: logica_7Seg:logica_Seven_Seg|registradorGenerico:REG5 ;
+----------------+-------+---------------------------------------------------------------------------+
; Parameter Name ; Value ; Type                                                                      ;
+----------------+-------+---------------------------------------------------------------------------+
; larguradados   ; 4     ; Signed Integer                                                            ;
+----------------+-------+---------------------------------------------------------------------------+
Note: In order to hide this table in the UI and the text report file, please set the "Show Parameter Settings in Synthesis Report" option in "Analysis and Synthesis Settings -> More Settings" to "Off".


+--------------------------------------------------------------+
; Parameter Settings for User Entity Instance: memoriaRAM:RAM1 ;
+----------------+-------+-------------------------------------+
; Parameter Name ; Value ; Type                                ;
+----------------+-------+-------------------------------------+
; datawidth      ; 8     ; Signed Integer                      ;
; addrwidth      ; 6     ; Signed Integer                      ;
+----------------+-------+-------------------------------------+
Note: In order to hide this table in the UI and the text report file, please set the "Show Parameter Settings in Synthesis Report" option in "Analysis and Synthesis Settings -> More Settings" to "Off".


+------------------------------------------------------------------------------+
; Port Connectivity Checks: "logica_7Seg:logica_Seven_Seg|conversorHex7Seg:H5" ;
+----------+-------+----------+------------------------------------------------+
; Port     ; Type  ; Severity ; Details                                        ;
+----------+-------+----------+------------------------------------------------+
; apaga    ; Input ; Info     ; Stuck at GND                                   ;
; negativo ; Input ; Info     ; Stuck at GND                                   ;
; overflow ; Input ; Info     ; Stuck at GND                                   ;
+----------+-------+----------+------------------------------------------------+


+-----------------------------------------------------------------------------------+
; Port Connectivity Checks: "logica_7Seg:logica_Seven_Seg|registradorGenerico:REG5" ;
+------+-------+----------+---------------------------------------------------------+
; Port ; Type  ; Severity ; Details                                                 ;
+------+-------+----------+---------------------------------------------------------+
; rst  ; Input ; Info     ; Stuck at GND                                            ;
+------+-------+----------+---------------------------------------------------------+


+------------------------------------------------------------------------------+
; Port Connectivity Checks: "logica_7Seg:logica_Seven_Seg|conversorHex7Seg:H4" ;
+----------+-------+----------+------------------------------------------------+
; Port     ; Type  ; Severity ; Details                                        ;
+----------+-------+----------+------------------------------------------------+
; apaga    ; Input ; Info     ; Stuck at GND                                   ;
; negativo ; Input ; Info     ; Stuck at GND                                   ;
; overflow ; Input ; Info     ; Stuck at GND                                   ;
+----------+-------+----------+------------------------------------------------+


+-----------------------------------------------------------------------------------+
; Port Connectivity Checks: "logica_7Seg:logica_Seven_Seg|registradorGenerico:REG4" ;
+------+-------+----------+---------------------------------------------------------+
; Port ; Type  ; Severity ; Details                                                 ;
+------+-------+----------+---------------------------------------------------------+
; rst  ; Input ; Info     ; Stuck at GND                                            ;
+------+-------+----------+---------------------------------------------------------+


+------------------------------------------------------------------------------+
; Port Connectivity Checks: "logica_7Seg:logica_Seven_Seg|conversorHex7Seg:H3" ;
+----------+-------+----------+------------------------------------------------+
; Port     ; Type  ; Severity ; Details                                        ;
+----------+-------+----------+------------------------------------------------+
; apaga    ; Input ; Info     ; Stuck at GND                                   ;
; negativo ; Input ; Info     ; Stuck at GND                                   ;
; overflow ; Input ; Info     ; Stuck at GND                                   ;
+----------+-------+----------+------------------------------------------------+


+-----------------------------------------------------------------------------------+
; Port Connectivity Checks: "logica_7Seg:logica_Seven_Seg|registradorGenerico:REG3" ;
+------+-------+----------+---------------------------------------------------------+
; Port ; Type  ; Severity ; Details                                                 ;
+------+-------+----------+---------------------------------------------------------+
; rst  ; Input ; Info     ; Stuck at GND                                            ;
+------+-------+----------+---------------------------------------------------------+


+------------------------------------------------------------------------------+
; Port Connectivity Checks: "logica_7Seg:logica_Seven_Seg|conversorHex7Seg:H2" ;
+----------+-------+----------+------------------------------------------------+
; Port     ; Type  ; Severity ; Details                                        ;
+----------+-------+----------+------------------------------------------------+
; apaga    ; Input ; Info     ; Stuck at GND                                   ;
; negativo ; Input ; Info     ; Stuck at GND                                   ;
; overflow ; Input ; Info     ; Stuck at GND                                   ;
+----------+-------+----------+------------------------------------------------+


+-----------------------------------------------------------------------------------+
; Port Connectivity Checks: "logica_7Seg:logica_Seven_Seg|registradorGenerico:REG2" ;
+------+-------+----------+---------------------------------------------------------+
; Port ; Type  ; Severity ; Details                                                 ;
+------+-------+----------+---------------------------------------------------------+
; rst  ; Input ; Info     ; Stuck at GND                                            ;
+------+-------+----------+---------------------------------------------------------+


+------------------------------------------------------------------------------+
; Port Connectivity Checks: "logica_7Seg:logica_Seven_Seg|conversorHex7Seg:H1" ;
+----------+-------+----------+------------------------------------------------+
; Port     ; Type  ; Severity ; Details                                        ;
+----------+-------+----------+------------------------------------------------+
; apaga    ; Input ; Info     ; Stuck at GND                                   ;
; negativo ; Input ; Info     ; Stuck at GND                                   ;
; overflow ; Input ; Info     ; Stuck at GND                                   ;
+----------+-------+----------+------------------------------------------------+


+-----------------------------------------------------------------------------------+
; Port Connectivity Checks: "logica_7Seg:logica_Seven_Seg|registradorGenerico:REG1" ;
+------+-------+----------+---------------------------------------------------------+
; Port ; Type  ; Severity ; Details                                                 ;
+------+-------+----------+---------------------------------------------------------+
; rst  ; Input ; Info     ; Stuck at GND                                            ;
+------+-------+----------+---------------------------------------------------------+


+------------------------------------------------------------------------------+
; Port Connectivity Checks: "logica_7Seg:logica_Seven_Seg|conversorHex7Seg:H0" ;
+----------+-------+----------+------------------------------------------------+
; Port     ; Type  ; Severity ; Details                                        ;
+----------+-------+----------+------------------------------------------------+
; apaga    ; Input ; Info     ; Stuck at GND                                   ;
; negativo ; Input ; Info     ; Stuck at GND                                   ;
; overflow ; Input ; Info     ; Stuck at GND                                   ;
+----------+-------+----------+------------------------------------------------+


+-----------------------------------------------------------------------------------+
; Port Connectivity Checks: "logica_7Seg:logica_Seven_Seg|registradorGenerico:REG0" ;
+------+-------+----------+---------------------------------------------------------+
; Port ; Type  ; Severity ; Details                                                 ;
+------+-------+----------+---------------------------------------------------------+
; rst  ; Input ; Info     ; Stuck at GND                                            ;
+------+-------+----------+---------------------------------------------------------+


+--------------------------------------------------------------------------------+
; Port Connectivity Checks: "logica_LED:logica_LED|registradorGenerico:REG_LEDS" ;
+------+-------+----------+------------------------------------------------------+
; Port ; Type  ; Severity ; Details                                              ;
+------+-------+----------+------------------------------------------------------+
; rst  ; Input ; Info     ; Stuck at GND                                         ;
+------+-------+----------+------------------------------------------------------+


+------------------------------------------------------------------------------+
; Port Connectivity Checks: "logica_LED:logica_LED|flipflopGenerico:FlipFlop1" ;
+------+-------+----------+----------------------------------------------------+
; Port ; Type  ; Severity ; Details                                            ;
+------+-------+----------+----------------------------------------------------+
; rst  ; Input ; Info     ; Stuck at GND                                       ;
+------+-------+----------+----------------------------------------------------+


+------------------------------------------------------------------------------+
; Port Connectivity Checks: "logica_LED:logica_LED|flipflopGenerico:FlipFlop2" ;
+------+-------+----------+----------------------------------------------------+
; Port ; Type  ; Severity ; Details                                            ;
+------+-------+----------+----------------------------------------------------+
; rst  ; Input ; Info     ; Stuck at GND                                       ;
+------+-------+----------+----------------------------------------------------+


+-----------------------------------------------------------------------------------------------------------------------+
; Port Connectivity Checks: "decoder3x8:decoderBloco"                                                                   ;
+-------------+--------+----------+-------------------------------------------------------------------------------------+
; Port        ; Type   ; Severity ; Details                                                                             ;
+-------------+--------+----------+-------------------------------------------------------------------------------------+
; saida[7..6] ; Output ; Info     ; Connected to dangling logic. Logic that only feeds a dangling port will be removed. ;
; saida[3..1] ; Output ; Info     ; Connected to dangling logic. Logic that only feeds a dangling port will be removed. ;
+-------------+--------+----------+-------------------------------------------------------------------------------------+


+---------------------------------------------------------------------------+
; Port Connectivity Checks: "processador:processador|flipflopGenerico:FLAG" ;
+------+-------+----------+-------------------------------------------------+
; Port ; Type  ; Severity ; Details                                         ;
+------+-------+----------+-------------------------------------------------+
; rst  ; Input ; Info     ; Stuck at GND                                    ;
+------+-------+----------+-------------------------------------------------+


+------------------------------------------------------------------------------+
; Port Connectivity Checks: "processador:processador|registradorGenerico:REGA" ;
+------+-------+----------+----------------------------------------------------+
; Port ; Type  ; Severity ; Details                                            ;
+------+-------+----------+----------------------------------------------------+
; rst  ; Input ; Info     ; Stuck at GND                                       ;
+------+-------+----------+----------------------------------------------------+


+-------------------------------------------------------------------------+
; Port Connectivity Checks: "processador:processador|muxGenerico4x1:MUX2" ;
+------+-------+----------+-----------------------------------------------+
; Port ; Type  ; Severity ; Details                                       ;
+------+-------+----------+-----------------------------------------------+
; e3   ; Input ; Info     ; Stuck at GND                                  ;
+------+-------+----------+-----------------------------------------------+


+---------------------------------------------------------------------------------+
; Port Connectivity Checks: "processador:processador|registradorGenerico:REG_RET" ;
+------+-------+----------+-------------------------------------------------------+
; Port ; Type  ; Severity ; Details                                               ;
+------+-------+----------+-------------------------------------------------------+
; rst  ; Input ; Info     ; Stuck at GND                                          ;
+------+-------+----------+-------------------------------------------------------+


+----------------------------------------------------------------------------+
; Port Connectivity Checks: "processador:processador|registradorGenerico:PC" ;
+--------+-------+----------+------------------------------------------------+
; Port   ; Type  ; Severity ; Details                                        ;
+--------+-------+----------+------------------------------------------------+
; enable ; Input ; Info     ; Stuck at VCC                                   ;
; rst    ; Input ; Info     ; Stuck at GND                                   ;
+--------+-------+----------+------------------------------------------------+


+---------------------------------------------------------------+
; Port Connectivity Checks: "buffer_3_state_8portas:FPGA_RESET" ;
+---------------+-------+----------+----------------------------+
; Port          ; Type  ; Severity ; Details                    ;
+---------------+-------+----------+----------------------------+
; entrada[7..1] ; Input ; Info     ; Stuck at GND               ;
+---------------+-------+----------+----------------------------+


+----------------------------------------------------------+
; Port Connectivity Checks: "buffer_3_state_8portas:KEY_3" ;
+---------------+-------+----------+-----------------------+
; Port          ; Type  ; Severity ; Details               ;
+---------------+-------+----------+-----------------------+
; entrada[7..1] ; Input ; Info     ; Stuck at GND          ;
+---------------+-------+----------+-----------------------+


+----------------------------------------------------------+
; Port Connectivity Checks: "buffer_3_state_8portas:KEY_2" ;
+---------------+-------+----------+-----------------------+
; Port          ; Type  ; Severity ; Details               ;
+---------------+-------+----------+-----------------------+
; entrada[7..1] ; Input ; Info     ; Stuck at GND          ;
+---------------+-------+----------+-----------------------+


+----------------------------------------------------------+
; Port Connectivity Checks: "buffer_3_state_8portas:KEY_1" ;
+---------------+-------+----------+-----------------------+
; Port          ; Type  ; Severity ; Details               ;
+---------------+-------+----------+-----------------------+
; entrada[7..1] ; Input ; Info     ; Stuck at GND          ;
+---------------+-------+----------+-----------------------+


+----------------------------------------------------------+
; Port Connectivity Checks: "buffer_3_state_8portas:KEY_0" ;
+---------------+-------+----------+-----------------------+
; Port          ; Type  ; Severity ; Details               ;
+---------------+-------+----------+-----------------------+
; entrada[7..1] ; Input ; Info     ; Stuck at GND          ;
+---------------+-------+----------+-----------------------+


+-----------------------------------------------------------+
; Port Connectivity Checks: "flipflopGenerico:FF_DEBOUNCER" ;
+--------+-------+----------+-------------------------------+
; Port   ; Type  ; Severity ; Details                       ;
+--------+-------+----------+-------------------------------+
; din    ; Input ; Info     ; Stuck at VCC                  ;
; enable ; Input ; Info     ; Stuck at VCC                  ;
+--------+-------+----------+-------------------------------+


+---------------------------------------------------------+
; Port Connectivity Checks: "buffer_3_state_8portas:SW_9" ;
+---------------+-------+----------+----------------------+
; Port          ; Type  ; Severity ; Details              ;
+---------------+-------+----------+----------------------+
; entrada[7..1] ; Input ; Info     ; Stuck at GND         ;
+---------------+-------+----------+----------------------+


+---------------------------------------------------------+
; Port Connectivity Checks: "buffer_3_state_8portas:SW_8" ;
+---------------+-------+----------+----------------------+
; Port          ; Type  ; Severity ; Details              ;
+---------------+-------+----------+----------------------+
; entrada[7..1] ; Input ; Info     ; Stuck at GND         ;
+---------------+-------+----------+----------------------+


+-----------------------------------------------------+
; Post-Synthesis Netlist Statistics for Top Partition ;
+-----------------------+-----------------------------+
; Type                  ; Count                       ;
+-----------------------+-----------------------------+
; arriav_ff             ; 51                          ;
;     ENA               ; 32                          ;
;     ENA SLD           ; 8                           ;
;     SLD               ; 9                           ;
;     plain             ; 2                           ;
; arriav_io_obuf        ; 8                           ;
; arriav_lcell_comb     ; 114                         ;
;     arith             ; 18                          ;
;         0 data inputs ; 1                           ;
;         1 data inputs ; 9                           ;
;         2 data inputs ; 8                           ;
;     normal            ; 96                          ;
;         0 data inputs ; 1                           ;
;         1 data inputs ; 1                           ;
;         2 data inputs ; 6                           ;
;         3 data inputs ; 12                          ;
;         4 data inputs ; 57                          ;
;         5 data inputs ; 5                           ;
;         6 data inputs ; 14                          ;
; boundary_port         ; 117                         ;
;                       ;                             ;
; Max LUT depth         ; 6.70                        ;
; Average LUT depth     ; 2.94                        ;
+-----------------------+-----------------------------+


+-------------------------------+
; Elapsed Time Per Partition    ;
+----------------+--------------+
; Partition Name ; Elapsed Time ;
+----------------+--------------+
; Top            ; 00:00:01     ;
+----------------+--------------+


+-------------------------------+
; Analysis & Synthesis Messages ;
+-------------------------------+
Info: *******************************************************************
Info: Running Quartus Prime Analysis & Synthesis
    Info: Version 20.1.0 Build 711 06/05/2020 SJ Lite Edition
    Info: Processing started: Fri Oct 07 14:36:27 2022
Info: Command: quartus_map --read_settings_files=on --write_settings_files=off Aula9 -c Aula9
Warning (18236): Number of processors has not been specified which may cause overloading on shared machines.  Set the global assignment NUM_PARALLEL_PROCESSORS in your QSF to an appropriate value for best performance.
Info (20030): Parallel compilation is enabled and will use 4 of the 4 processors detected
Info (12021): Found 2 design units, including 1 entities, in source file ulasomasub.vhd
    Info (12022): Found design unit 1: ULASomaSub-comportamento File: C:/DesComp/Aula9/ULASomaSub.vhd Line: 15
    Info (12023): Found entity 1: ULASomaSub File: C:/DesComp/Aula9/ULASomaSub.vhd Line: 5
Info (12021): Found 2 design units, including 1 entities, in source file somaconstante.vhd
    Info (12022): Found design unit 1: somaConstante-comportamento File: C:/DesComp/Aula9/somaConstante.vhd Line: 18
    Info (12023): Found entity 1: somaConstante File: C:/DesComp/Aula9/somaConstante.vhd Line: 5
Info (12021): Found 2 design units, including 1 entities, in source file registradorgenerico.vhd
    Info (12022): Found design unit 1: registradorGenerico-comportamento File: C:/DesComp/Aula9/registradorGenerico.vhd Line: 15
    Info (12023): Found entity 1: registradorGenerico File: C:/DesComp/Aula9/registradorGenerico.vhd Line: 4
Info (12021): Found 2 design units, including 1 entities, in source file processador.vhd
    Info (12022): Found design unit 1: processador-arquitetura File: C:/DesComp/Aula9/processador.vhd Line: 26
    Info (12023): Found entity 1: processador File: C:/DesComp/Aula9/processador.vhd Line: 4
Info (12021): Found 2 design units, including 1 entities, in source file muxgenerico4x1.vhd
    Info (12022): Found design unit 1: muxGenerico4x1-arch_name File: C:/DesComp/Aula9/muxGenerico4x1.vhd Line: 13
    Info (12023): Found entity 1: muxGenerico4x1 File: C:/DesComp/Aula9/muxGenerico4x1.vhd Line: 4
Info (12021): Found 2 design units, including 1 entities, in source file muxgenerico2x1.vhd
    Info (12022): Found design unit 1: muxGenerico2x1-comportamento File: C:/DesComp/Aula9/muxGenerico2x1.vhd Line: 14
    Info (12023): Found entity 1: muxGenerico2x1 File: C:/DesComp/Aula9/muxGenerico2x1.vhd Line: 4
Info (12021): Found 2 design units, including 1 entities, in source file memoriarom.vhd
    Info (12022): Found design unit 1: memoriaROM-assincrona File: C:/DesComp/Aula9/memoriaROM.vhd Line: 16
    Info (12023): Found entity 1: memoriaROM File: C:/DesComp/Aula9/memoriaROM.vhd Line: 5
Info (12021): Found 2 design units, including 1 entities, in source file memoriaram.vhd
    Info (12022): Found design unit 1: memoriaRAM-rtl File: C:/DesComp/Aula9/memoriaRAM.vhd Line: 22
    Info (12023): Found entity 1: memoriaRAM File: C:/DesComp/Aula9/memoriaRAM.vhd Line: 6
Info (12021): Found 2 design units, including 1 entities, in source file logica_led.vhd
    Info (12022): Found design unit 1: logica_LED-arch_name File: C:/DesComp/Aula9/logica_LED.vhd Line: 19
    Info (12023): Found entity 1: logica_LED File: C:/DesComp/Aula9/logica_LED.vhd Line: 4
Info (12021): Found 2 design units, including 1 entities, in source file logica_desvio.vhd
    Info (12022): Found design unit 1: logica_desvio-arch_name File: C:/DesComp/Aula9/logica_desvio.vhd Line: 15
    Info (12023): Found entity 1: logica_desvio File: C:/DesComp/Aula9/logica_desvio.vhd Line: 4
Info (12021): Found 2 design units, including 1 entities, in source file logica_7seg.vhd
    Info (12022): Found design unit 1: logica_7Seg-arch_name File: C:/DesComp/Aula9/logica_7Seg.vhd Line: 23
    Info (12023): Found entity 1: logica_7Seg File: C:/DesComp/Aula9/logica_7Seg.vhd Line: 4
Info (12021): Found 2 design units, including 1 entities, in source file flipflopgenerico.vhd
    Info (12022): Found design unit 1: flipflopGenerico-comportamento File: C:/DesComp/Aula9/flipflopGenerico.vhd Line: 13
    Info (12023): Found entity 1: flipflopGenerico File: C:/DesComp/Aula9/flipflopGenerico.vhd Line: 4
Info (12021): Found 3 design units, including 1 entities, in source file edgedetector.vhd
    Info (12022): Found design unit 1: edgeDetector-bordaSubida File: C:/DesComp/Aula9/edgeDetector.vhd Line: 10
    Info (12022): Found design unit 2: edgeDetector-bordaDescida File: C:/DesComp/Aula9/edgeDetector.vhd Line: 23
    Info (12023): Found entity 1: edgeDetector File: C:/DesComp/Aula9/edgeDetector.vhd Line: 4
Info (12021): Found 2 design units, including 1 entities, in source file decoderinstru.vhd
    Info (12022): Found design unit 1: decoderInstru-comportamento File: C:/DesComp/Aula9/decoderInstru.vhd Line: 10
    Info (12023): Found entity 1: decoderInstru File: C:/DesComp/Aula9/decoderInstru.vhd Line: 4
Info (12021): Found 2 design units, including 1 entities, in source file decoder3x8.vhd
    Info (12022): Found design unit 1: decoder3x8-comportamento File: C:/DesComp/Aula9/decoder3x8.vhd Line: 10
    Info (12023): Found entity 1: decoder3x8 File: C:/DesComp/Aula9/decoder3x8.vhd Line: 4
Info (12021): Found 2 design units, including 1 entities, in source file conversorhex7seg.vhd
    Info (12022): Found design unit 1: conversorHex7Seg-comportamento File: C:/DesComp/Aula9/conversorHex7Seg.vhd Line: 17
    Info (12023): Found entity 1: conversorHex7Seg File: C:/DesComp/Aula9/conversorHex7Seg.vhd Line: 4
Info (12021): Found 2 design units, including 1 entities, in source file buffer_3_state_8portas.vhd
    Info (12022): Found design unit 1: buffer_3_state_8portas-comportamento File: C:/DesComp/Aula9/buffer_3_state_8portas.vhd Line: 16
    Info (12023): Found entity 1: buffer_3_state_8portas File: C:/DesComp/Aula9/buffer_3_state_8portas.vhd Line: 4
Info (12021): Found 2 design units, including 1 entities, in source file aula9.vhd
    Info (12022): Found design unit 1: Aula9-arquitetura File: C:/DesComp/Aula9/Aula9.vhd Line: 36
    Info (12023): Found entity 1: Aula9 File: C:/DesComp/Aula9/Aula9.vhd Line: 4
Info (12127): Elaborating entity "Aula9" for the top level hierarchy
Info (12128): Elaborating entity "buffer_3_state_8portas" for hierarchy "buffer_3_state_8portas:SW_0_7" File: C:/DesComp/Aula9/Aula9.vhd Line: 82
Info (12128): Elaborating entity "flipflopGenerico" for hierarchy "flipflopGenerico:FF_DEBOUNCER" File: C:/DesComp/Aula9/Aula9.vhd Line: 107
Info (12128): Elaborating entity "memoriaROM" for hierarchy "memoriaROM:ROM1" File: C:/DesComp/Aula9/Aula9.vhd Line: 161
Info (12128): Elaborating entity "processador" for hierarchy "processador:processador" File: C:/DesComp/Aula9/Aula9.vhd Line: 166
Info (12128): Elaborating entity "registradorGenerico" for hierarchy "processador:processador|registradorGenerico:PC" File: C:/DesComp/Aula9/processador.vhd Line: 82
Info (12128): Elaborating entity "somaConstante" for hierarchy "processador:processador|somaConstante:incrementaPC" File: C:/DesComp/Aula9/processador.vhd Line: 90
Info (12128): Elaborating entity "muxGenerico4x1" for hierarchy "processador:processador|muxGenerico4x1:MUX2" File: C:/DesComp/Aula9/processador.vhd Line: 103
Info (12128): Elaborating entity "muxGenerico2x1" for hierarchy "processador:processador|muxGenerico2x1:MUX1" File: C:/DesComp/Aula9/processador.vhd Line: 114
Info (12128): Elaborating entity "ULASomaSub" for hierarchy "processador:processador|ULASomaSub:ULA1" File: C:/DesComp/Aula9/processador.vhd Line: 122
Info (12128): Elaborating entity "registradorGenerico" for hierarchy "processador:processador|registradorGenerico:REGA" File: C:/DesComp/Aula9/processador.vhd Line: 131
Info (12128): Elaborating entity "logica_desvio" for hierarchy "processador:processador|logica_desvio:LOG_DESVIO" File: C:/DesComp/Aula9/processador.vhd Line: 152
Info (10041): Inferred latch for "SelMuxPC[0]" at logica_desvio.vhd(25) File: C:/DesComp/Aula9/logica_desvio.vhd Line: 25
Info (10041): Inferred latch for "SelMuxPC[1]" at logica_desvio.vhd(25) File: C:/DesComp/Aula9/logica_desvio.vhd Line: 25
Info (12128): Elaborating entity "decoderInstru" for hierarchy "processador:processador|decoderInstru:decoderInstru1" File: C:/DesComp/Aula9/processador.vhd Line: 163
Info (12128): Elaborating entity "decoder3x8" for hierarchy "decoder3x8:decoderBloco" File: C:/DesComp/Aula9/Aula9.vhd Line: 180
Info (12128): Elaborating entity "logica_LED" for hierarchy "logica_LED:logica_LED" File: C:/DesComp/Aula9/Aula9.vhd Line: 190
Info (12128): Elaborating entity "logica_7Seg" for hierarchy "logica_7Seg:logica_Seven_Seg" File: C:/DesComp/Aula9/Aula9.vhd Line: 203
Info (12128): Elaborating entity "registradorGenerico" for hierarchy "logica_7Seg:logica_Seven_Seg|registradorGenerico:REG0" File: C:/DesComp/Aula9/logica_7Seg.vhd Line: 35
Info (12128): Elaborating entity "conversorHex7Seg" for hierarchy "logica_7Seg:logica_Seven_Seg|conversorHex7Seg:H0" File: C:/DesComp/Aula9/logica_7Seg.vhd Line: 43
Info (12128): Elaborating entity "memoriaRAM" for hierarchy "memoriaRAM:RAM1" File: C:/DesComp/Aula9/Aula9.vhd Line: 221
Info (276014): Found 1 instances of uninferred RAM logic
    Info (276007): RAM logic "memoriaRAM:RAM1|ram" is uninferred due to asynchronous read logic File: C:/DesComp/Aula9/memoriaRAM.vhd Line: 28
Warning (14025): LATCH primitive "processador:processador|logica_desvio:LOG_DESVIO|SelMuxPC[1]" is permanently disabled File: C:/DesComp/Aula9/logica_desvio.vhd Line: 25
Warning (13046): Tri-state node(s) do not directly drive top-level pin(s)
    Warning (13047): Converted the fan-out from the tri-state buffer "memoriaRAM:RAM1|dado_out[0]" to the node "processador:processador|muxGenerico2x1:MUX1|saida_MUX[0]" into an OR gate File: C:/DesComp/Aula9/memoriaRAM.vhd Line: 18
    Warning (13047): Converted the fan-out from the tri-state buffer "buffer_3_state_8portas:SW_8|saida[1]" to the node "processador:processador|muxGenerico2x1:MUX1|saida_MUX[1]" into an OR gate File: C:/DesComp/Aula9/buffer_3_state_8portas.vhd Line: 12
    Warning (13047): Converted the fan-out from the tri-state buffer "buffer_3_state_8portas:SW_8|saida[2]" to the node "processador:processador|muxGenerico2x1:MUX1|saida_MUX[2]" into an OR gate File: C:/DesComp/Aula9/buffer_3_state_8portas.vhd Line: 12
    Warning (13047): Converted the fan-out from the tri-state buffer "buffer_3_state_8portas:SW_8|saida[3]" to the node "processador:processador|muxGenerico2x1:MUX1|saida_MUX[3]" into an OR gate File: C:/DesComp/Aula9/buffer_3_state_8portas.vhd Line: 12
    Warning (13047): Converted the fan-out from the tri-state buffer "buffer_3_state_8portas:SW_8|saida[4]" to the node "processador:processador|muxGenerico2x1:MUX1|saida_MUX[4]" into an OR gate File: C:/DesComp/Aula9/buffer_3_state_8portas.vhd Line: 12
    Warning (13047): Converted the fan-out from the tri-state buffer "buffer_3_state_8portas:SW_8|saida[5]" to the node "processador:processador|muxGenerico2x1:MUX1|saida_MUX[5]" into an OR gate File: C:/DesComp/Aula9/buffer_3_state_8portas.vhd Line: 12
    Warning (13047): Converted the fan-out from the tri-state buffer "buffer_3_state_8portas:SW_8|saida[6]" to the node "processador:processador|muxGenerico2x1:MUX1|saida_MUX[6]" into an OR gate File: C:/DesComp/Aula9/buffer_3_state_8portas.vhd Line: 12
    Warning (13047): Converted the fan-out from the tri-state buffer "buffer_3_state_8portas:SW_8|saida[7]" to the node "processador:processador|muxGenerico2x1:MUX1|saida_MUX[7]" into an OR gate File: C:/DesComp/Aula9/buffer_3_state_8portas.vhd Line: 12
Warning (13024): Output pins are stuck at VCC or GND
    Warning (13410): Pin "Palavra[2]" is stuck at GND File: C:/DesComp/Aula9/Aula9.vhd Line: 19
    Warning (13410): Pin "Palavra[3]" is stuck at GND File: C:/DesComp/Aula9/Aula9.vhd Line: 19
    Warning (13410): Pin "Palavra[5]" is stuck at GND File: C:/DesComp/Aula9/Aula9.vhd Line: 19
    Warning (13410): Pin "Palavra[7]" is stuck at GND File: C:/DesComp/Aula9/Aula9.vhd Line: 19
    Warning (13410): Pin "Palavra[8]" is stuck at GND File: C:/DesComp/Aula9/Aula9.vhd Line: 19
    Warning (13410): Pin "Palavra[9]" is stuck at GND File: C:/DesComp/Aula9/Aula9.vhd Line: 19
    Warning (13410): Pin "Palavra[10]" is stuck at GND File: C:/DesComp/Aula9/Aula9.vhd Line: 19
    Warning (13410): Pin "Palavra[12]" is stuck at GND File: C:/DesComp/Aula9/Aula9.vhd Line: 19
    Warning (13410): Pin "EQUAL_FLAG" is stuck at GND File: C:/DesComp/Aula9/Aula9.vhd Line: 20
    Warning (13410): Pin "MEM_ADDRESS[3]" is stuck at GND File: C:/DesComp/Aula9/Aula9.vhd Line: 22
    Warning (13410): Pin "MEM_ADDRESS[4]" is stuck at GND File: C:/DesComp/Aula9/Aula9.vhd Line: 22
    Warning (13410): Pin "MEM_ADDRESS[7]" is stuck at GND File: C:/DesComp/Aula9/Aula9.vhd Line: 22
Info (286030): Timing-Driven Synthesis is running
Info (16010): Generating hard_block partition "hard_block:auto_generated_inst"
    Info (16011): Adding 0 node(s), including 0 DDIO, 0 PLL, 0 transceiver and 0 LCELL
Warning (21074): Design contains 1 input pin(s) that do not drive logic
    Warning (15610): No output dependent on input pin "CLOCK_50" File: C:/DesComp/Aula9/Aula9.vhd Line: 12
Info (21057): Implemented 270 device resources after synthesis - the final resource count might be different
    Info (21058): Implemented 16 input pins
    Info (21059): Implemented 101 output pins
    Info (21061): Implemented 153 logic cells
Info: Quartus Prime Analysis & Synthesis was successful. 0 errors, 26 warnings
    Info: Peak virtual memory: 4850 megabytes
    Info: Processing ended: Fri Oct 07 14:36:49 2022
    Info: Elapsed time: 00:00:22
    Info: Total CPU time (on all processors): 00:00:32


